<?xml version="1.0" encoding="UTF-8"?>
<testsuite xmlns:xsi="http://www.w3.org/2001/XMLSchema-instance" xsi:noNamespaceSchemaLocation="https://maven.apache.org/surefire/maven-failsafe-plugin/xsd/failsafe-test-report.xsd" name="Testar Excluir Funcionario Duplicado" time="15.673" tests="1" errors="0" skipped="0" failures="1">
  <properties>
    <property name="sun.desktop" value="windows"/>
    <property name="awt.toolkit" value="sun.awt.windows.WToolkit"/>
    <property name="file.encoding.pkg" value="sun.io"/>
    <property name="java.specification.version" value="1.8"/>
    <property name="webdriver.chrome.driver" value="C:\Users\Public\Projetos\teste-selenium\src\test\resources\webdriver\windows\chromedriver.exe"/>
    <property name="sun.cpu.isalist" value="amd64"/>
    <property name="sun.jnu.encoding" value="Cp1252"/>
    <property name="java.class.path" value="C:\Users\Public\Projetos\teste-selenium\target\test-classes;C:\Users\Public\Projetos\teste-selenium\target\teste-selenium-1.0-SNAPSHOT.jar;C:\Users\btoze\.m2\repository\ch\qos\logback\logback-classic\1.0.13\logback-classic-1.0.13.jar;C:\Users\btoze\.m2\repository\ch\qos\logback\logback-core\1.0.13\logback-core-1.0.13.jar;C:\Users\btoze\.m2\repository\org\slf4j\slf4j-api\1.7.5\slf4j-api-1.7.5.jar;C:\Users\btoze\.m2\repository\net\serenity-bdd\serenity-core\2.0.91\serenity-core-2.0.91.jar;C:\Users\btoze\.m2\repository\net\bytebuddy\byte-buddy\1.10.1\byte-buddy-1.10.1.jar;C:\Users\btoze\.m2\repository\net\bytebuddy\byte-buddy-agent\1.10.1\byte-buddy-agent-1.10.1.jar;C:\Users\btoze\.m2\repository\com\google\guava\guava\25.0-jre\guava-25.0-jre.jar;C:\Users\btoze\.m2\repository\com\google\code\findbugs\jsr305\1.3.9\jsr305-1.3.9.jar;C:\Users\btoze\.m2\repository\org\checkerframework\checker-compat-qual\2.0.0\checker-compat-qual-2.0.0.jar;C:\Users\btoze\.m2\repository\com\google\errorprone\error_prone_annotations\2.1.3\error_prone_annotations-2.1.3.jar;C:\Users\btoze\.m2\repository\com\google\j2objc\j2objc-annotations\1.1\j2objc-annotations-1.1.jar;C:\Users\btoze\.m2\repository\org\codehaus\mojo\animal-sniffer-annotations\1.14\animal-sniffer-annotations-1.14.jar;C:\Users\btoze\.m2\repository\com\google\inject\guice\4.2.2\guice-4.2.2.jar;C:\Users\btoze\.m2\repository\javax\inject\javax.inject\1\javax.inject-1.jar;C:\Users\btoze\.m2\repository\aopalliance\aopalliance\1.0\aopalliance-1.0.jar;C:\Users\btoze\.m2\repository\org\ow2\asm\asm\7.2\asm-7.2.jar;C:\Users\btoze\.m2\repository\commons-codec\commons-codec\1.10\commons-codec-1.10.jar;C:\Users\btoze\.m2\repository\org\objenesis\objenesis\3.0.1\objenesis-3.0.1.jar;C:\Users\btoze\.m2\repository\xml-apis\xml-apis\1.4.01\xml-apis-1.4.01.jar;C:\Users\btoze\.m2\repository\commons-logging\commons-logging\1.2\commons-logging-1.2.jar;C:\Users\btoze\.m2\repository\io\vavr\vavr\0.9.0\vavr-0.9.0.jar;C:\Users\btoze\.m2\repository\io\vavr\vavr-match\0.9.0\vavr-match-0.9.0.jar;C:\Users\btoze\.m2\repository\javax\xml\bind\jaxb-api\2.2.12\jaxb-api-2.2.12.jar;C:\Users\btoze\.m2\repository\com\sun\xml\bind\jaxb-core\2.3.0.1\jaxb-core-2.3.0.1.jar;C:\Users\btoze\.m2\repository\com\sun\xml\bind\jaxb-impl\2.3.0.1\jaxb-impl-2.3.0.1.jar;C:\Users\btoze\.m2\repository\javax\activation\activation\1.1.1\activation-1.1.1.jar;C:\Users\btoze\.m2\repository\org\mockito\mockito-core\3.1.0\mockito-core-3.1.0.jar;C:\Users\btoze\.m2\repository\net\serenity-bdd\serenity-report-resources\2.0.91\serenity-report-resources-2.0.91.jar;C:\Users\btoze\.m2\repository\net\serenity-bdd\serenity-model\2.0.91\serenity-model-2.0.91.jar;C:\Users\btoze\.m2\repository\commons-net\commons-net\3.6\commons-net-3.6.jar;C:\Users\btoze\.m2\repository\org\apache\commons\commons-text\1.6\commons-text-1.6.jar;C:\Users\btoze\.m2\repository\es\nitaur\markdown\txtmark\0.16\txtmark-0.16.jar;C:\Users\btoze\.m2\repository\net\serenity-bdd\serenity-reports\2.0.91\serenity-reports-2.0.91.jar;C:\Users\btoze\.m2\repository\net\serenity-bdd\serenity-stats\2.0.91\serenity-stats-2.0.91.jar;C:\Users\btoze\.m2\repository\org\jetbrains\kotlin\kotlin-stdlib\1.3.31\kotlin-stdlib-1.3.31.jar;C:\Users\btoze\.m2\repository\org\jetbrains\kotlin\kotlin-stdlib-common\1.3.31\kotlin-stdlib-common-1.3.31.jar;C:\Users\btoze\.m2\repository\org\jetbrains\annotations\13.0\annotations-13.0.jar;C:\Users\btoze\.m2\repository\com\google\code\gson\gson\2.8.4\gson-2.8.4.jar;C:\Users\btoze\.m2\repository\commons-io\commons-io\2.6\commons-io-2.6.jar;C:\Users\btoze\.m2\repository\org\seleniumhq\selenium\selenium-server\3.141.59\selenium-server-3.141.59.jar;C:\Users\btoze\.m2\repository\org\seleniumhq\selenium\selenium-firefox-driver\3.141.59\selenium-firefox-driver-3.141.59.jar;C:\Users\btoze\.m2\repository\org\seleniumhq\selenium\selenium-ie-driver\3.141.59\selenium-ie-driver-3.141.59.jar;C:\Users\btoze\.m2\repository\com\beust\jcommander\1.72\jcommander-1.72.jar;C:\Users\btoze\.m2\repository\org\apache\commons\commons-exec\1.3\commons-exec-1.3.jar;C:\Users\btoze\.m2\repository\net\jcip\jcip-annotations\1.0\jcip-annotations-1.0.jar;C:\Users\btoze\.m2\repository\org\seleniumhq\selenium\jetty-repacked\9.4.12.v20180830\jetty-repacked-9.4.12.v20180830.jar;C:\Users\btoze\.m2\repository\com\squareup\okhttp3\okhttp\3.11.0\okhttp-3.11.0.jar;C:\Users\btoze\.m2\repository\com\squareup\okio\okio\1.14.0\okio-1.14.0.jar;C:\Users\btoze\.m2\repository\javax\servlet\javax.servlet-api\3.1.0\javax.servlet-api-3.1.0.jar;C:\Users\btoze\.m2\repository\org\yaml\snakeyaml\1.19\snakeyaml-1.19.jar;C:\Users\btoze\.m2\repository\org\seleniumhq\selenium\selenium-java\3.141.59\selenium-java-3.141.59.jar;C:\Users\btoze\.m2\repository\org\seleniumhq\selenium\selenium-api\3.141.59\selenium-api-3.141.59.jar;C:\Users\btoze\.m2\repository\org\seleniumhq\selenium\selenium-chrome-driver\3.141.59\selenium-chrome-driver-3.141.59.jar;C:\Users\btoze\.m2\repository\org\seleniumhq\selenium\selenium-edge-driver\3.141.59\selenium-edge-driver-3.141.59.jar;C:\Users\btoze\.m2\repository\org\seleniumhq\selenium\selenium-remote-driver\3.141.59\selenium-remote-driver-3.141.59.jar;C:\Users\btoze\.m2\repository\org\seleniumhq\selenium\selenium-safari-driver\3.141.59\selenium-safari-driver-3.141.59.jar;C:\Users\btoze\.m2\repository\org\seleniumhq\selenium\selenium-opera-driver\3.141.59\selenium-opera-driver-3.141.59.jar;C:\Users\btoze\.m2\repository\org\seleniumhq\selenium\selenium-support\3.141.59\selenium-support-3.141.59.jar;C:\Users\btoze\.m2\repository\com\paulhammant\ngwebdriver\1.1.4\ngwebdriver-1.1.4.jar;C:\Users\btoze\.m2\repository\com\codeborne\phantomjsdriver\1.4.4\phantomjsdriver-1.4.4.jar;C:\Users\btoze\.m2\repository\org\seleniumhq\selenium\htmlunit-driver\2.36.0\htmlunit-driver-2.36.0.jar;C:\Users\btoze\.m2\repository\io\appium\java-client\7.3.0\java-client-7.3.0.jar;C:\Users\btoze\.m2\repository\commons-validator\commons-validator\1.6\commons-validator-1.6.jar;C:\Users\btoze\.m2\repository\commons-beanutils\commons-beanutils\1.9.2\commons-beanutils-1.9.2.jar;C:\Users\btoze\.m2\repository\commons-digester\commons-digester\1.8.1\commons-digester-1.8.1.jar;C:\Users\btoze\.m2\repository\org\aspectj\aspectjweaver\1.9.4\aspectjweaver-1.9.4.jar;C:\Users\btoze\.m2\repository\org\springframework\spring-context-support\5.1.2.RELEASE\spring-context-support-5.1.2.RELEASE.jar;C:\Users\btoze\.m2\repository\org\springframework\spring-beans\5.1.2.RELEASE\spring-beans-5.1.2.RELEASE.jar;C:\Users\btoze\.m2\repository\org\springframework\spring-context\5.1.2.RELEASE\spring-context-5.1.2.RELEASE.jar;C:\Users\btoze\.m2\repository\org\springframework\spring-aop\5.1.2.RELEASE\spring-aop-5.1.2.RELEASE.jar;C:\Users\btoze\.m2\repository\org\springframework\spring-expression\5.1.2.RELEASE\spring-expression-5.1.2.RELEASE.jar;C:\Users\btoze\.m2\repository\org\springframework\spring-core\5.1.2.RELEASE\spring-core-5.1.2.RELEASE.jar;C:\Users\btoze\.m2\repository\org\springframework\spring-jcl\5.1.2.RELEASE\spring-jcl-5.1.2.RELEASE.jar;C:\Users\btoze\.m2\repository\org\codehaus\groovy\groovy\2.5.5\groovy-2.5.5.jar;C:\Users\btoze\.m2\repository\net\sf\opencsv\opencsv\2.0\opencsv-2.0.jar;C:\Users\btoze\.m2\repository\commons-beanutils\commons-beanutils-core\1.8.3\commons-beanutils-core-1.8.3.jar;C:\Users\btoze\.m2\repository\joda-time\joda-time\2.7\joda-time-2.7.jar;C:\Users\btoze\.m2\repository\com\thoughtworks\xstream\xstream\1.4.9\xstream-1.4.9.jar;C:\Users\btoze\.m2\repository\xmlpull\xmlpull\1.1.3.1\xmlpull-1.1.3.1.jar;C:\Users\btoze\.m2\repository\xpp3\xpp3_min\1.1.4c\xpp3_min-1.1.4c.jar;C:\Users\btoze\.m2\repository\org\apache\commons\commons-lang3\3.8.1\commons-lang3-3.8.1.jar;C:\Users\btoze\.m2\repository\commons-collections\commons-collections\3.2.2\commons-collections-3.2.2.jar;C:\Users\btoze\.m2\repository\org\freemarker\freemarker\2.3.28\freemarker-2.3.28.jar;C:\Users\btoze\.m2\repository\net\sourceforge\jexcelapi\jxl\2.6.12\jxl-2.6.12.jar;C:\Users\btoze\.m2\repository\org\hamcrest\hamcrest-core\1.3\hamcrest-core-1.3.jar;C:\Users\btoze\.m2\repository\org\hamcrest\hamcrest-library\1.3\hamcrest-library-1.3.jar;C:\Users\btoze\.m2\repository\net\sourceforge\htmlunit\htmlunit\2.36.0\htmlunit-2.36.0.jar;C:\Users\btoze\.m2\repository\net\sourceforge\htmlunit\htmlunit-core-js\2.36.0\htmlunit-core-js-2.36.0.jar;C:\Users\btoze\.m2\repository\net\sourceforge\htmlunit\neko-htmlunit\2.36.0\neko-htmlunit-2.36.0.jar;C:\Users\btoze\.m2\repository\xerces\xercesImpl\2.12.0\xercesImpl-2.12.0.jar;C:\Users\btoze\.m2\repository\net\sourceforge\htmlunit\htmlunit-cssparser\1.5.0\htmlunit-cssparser-1.5.0.jar;C:\Users\btoze\.m2\repository\org\brotli\dec\0.1.2\dec-0.1.2.jar;C:\Users\btoze\.m2\repository\org\eclipse\jetty\websocket\websocket-client\9.4.20.v20190813\websocket-client-9.4.20.v20190813.jar;C:\Users\btoze\.m2\repository\org\eclipse\jetty\jetty-client\9.4.20.v20190813\jetty-client-9.4.20.v20190813.jar;C:\Users\btoze\.m2\repository\org\eclipse\jetty\jetty-http\9.4.20.v20190813\jetty-http-9.4.20.v20190813.jar;C:\Users\btoze\.m2\repository\org\eclipse\jetty\jetty-xml\9.4.20.v20190813\jetty-xml-9.4.20.v20190813.jar;C:\Users\btoze\.m2\repository\org\eclipse\jetty\jetty-util\9.4.20.v20190813\jetty-util-9.4.20.v20190813.jar;C:\Users\btoze\.m2\repository\org\eclipse\jetty\jetty-io\9.4.20.v20190813\jetty-io-9.4.20.v20190813.jar;C:\Users\btoze\.m2\repository\org\eclipse\jetty\websocket\websocket-common\9.4.20.v20190813\websocket-common-9.4.20.v20190813.jar;C:\Users\btoze\.m2\repository\org\eclipse\jetty\websocket\websocket-api\9.4.20.v20190813\websocket-api-9.4.20.v20190813.jar;C:\Users\btoze\.m2\repository\org\apache\httpcomponents\httpclient\4.5.5\httpclient-4.5.5.jar;C:\Users\btoze\.m2\repository\org\apache\httpcomponents\httpcore\4.4.9\httpcore-4.4.9.jar;C:\Users\btoze\.m2\repository\org\apache\httpcomponents\httpmime\4.5.5\httpmime-4.5.5.jar;C:\Users\btoze\.m2\repository\org\fluentlenium\fluentlenium-core\0.10.2\fluentlenium-core-0.10.2.jar;C:\Users\btoze\.m2\repository\com\jhlabs\filters\2.0.235\filters-2.0.235.jar;C:\Users\btoze\.m2\repository\org\asciidoctor\asciidoctorj\1.5.6\asciidoctorj-1.5.6.jar;C:\Users\btoze\.m2\repository\org\jruby\jruby-complete\1.7.26\jruby-complete-1.7.26.jar;C:\Users\btoze\.m2\repository\org\imgscalr\imgscalr-lib\4.2\imgscalr-lib-4.2.jar;C:\Users\btoze\.m2\repository\javax\el\javax.el-api\2.2.4\javax.el-api-2.2.4.jar;C:\Users\btoze\.m2\repository\org\glassfish\web\javax.el\2.2.4\javax.el-2.2.4.jar;C:\Users\btoze\.m2\repository\xalan\xalan\2.7.2\xalan-2.7.2.jar;C:\Users\btoze\.m2\repository\xalan\serializer\2.7.2\serializer-2.7.2.jar;C:\Users\btoze\.m2\repository\org\awaitility\awaitility\4.0.1\awaitility-4.0.1.jar;C:\Users\btoze\.m2\repository\org\hamcrest\hamcrest\2.1\hamcrest-2.1.jar;C:\Users\btoze\.m2\repository\com\typesafe\config\1.3.1\config-1.3.1.jar;C:\Users\btoze\.m2\repository\org\jsoup\jsoup\1.10.3\jsoup-1.10.3.jar;C:\Users\btoze\.m2\repository\com\google\jimfs\jimfs\1.1\jimfs-1.1.jar;C:\Users\btoze\.m2\repository\com\vladsch\flexmark\flexmark-all\0.34.30\flexmark-all-0.34.30.jar;C:\Users\btoze\.m2\repository\com\vladsch\flexmark\flexmark\0.34.30\flexmark-0.34.30.jar;C:\Users\btoze\.m2\repository\com\vladsch\flexmark\flexmark-ext-abbreviation\0.34.30\flexmark-ext-abbreviation-0.34.30.jar;C:\Users\btoze\.m2\repository\com\vladsch\flexmark\flexmark-ext-admonition\0.34.30\flexmark-ext-admonition-0.34.30.jar;C:\Users\btoze\.m2\repository\com\vladsch\flexmark\flexmark-ext-anchorlink\0.34.30\flexmark-ext-anchorlink-0.34.30.jar;C:\Users\btoze\.m2\repository\com\vladsch\flexmark\flexmark-ext-aside\0.34.30\flexmark-ext-aside-0.34.30.jar;C:\Users\btoze\.m2\repository\com\vladsch\flexmark\flexmark-ext-attributes\0.34.30\flexmark-ext-attributes-0.34.30.jar;C:\Users\btoze\.m2\repository\com\vladsch\flexmark\flexmark-ext-autolink\0.34.30\flexmark-ext-autolink-0.34.30.jar;C:\Users\btoze\.m2\repository\org\nibor\autolink\autolink\0.6.0\autolink-0.6.0.jar;C:\Users\btoze\.m2\repository\com\vladsch\flexmark\flexmark-ext-definition\0.34.30\flexmark-ext-definition-0.34.30.jar;C:\Users\btoze\.m2\repository\com\vladsch\flexmark\flexmark-ext-emoji\0.34.30\flexmark-ext-emoji-0.34.30.jar;C:\Users\btoze\.m2\repository\com\vladsch\flexmark\flexmark-ext-enumerated-reference\0.34.30\flexmark-ext-enumerated-reference-0.34.30.jar;C:\Users\btoze\.m2\repository\com\vladsch\flexmark\flexmark-ext-escaped-character\0.34.30\flexmark-ext-escaped-character-0.34.30.jar;C:\Users\btoze\.m2\repository\com\vladsch\flexmark\flexmark-ext-footnotes\0.34.30\flexmark-ext-footnotes-0.34.30.jar;C:\Users\btoze\.m2\repository\com\vladsch\flexmark\flexmark-ext-gfm-issues\0.34.30\flexmark-ext-gfm-issues-0.34.30.jar;C:\Users\btoze\.m2\repository\com\vladsch\flexmark\flexmark-ext-gfm-strikethrough\0.34.30\flexmark-ext-gfm-strikethrough-0.34.30.jar;C:\Users\btoze\.m2\repository\com\vladsch\flexmark\flexmark-ext-gfm-tables\0.34.30\flexmark-ext-gfm-tables-0.34.30.jar;C:\Users\btoze\.m2\repository\com\vladsch\flexmark\flexmark-ext-gfm-tasklist\0.34.30\flexmark-ext-gfm-tasklist-0.34.30.jar;C:\Users\btoze\.m2\repository\com\vladsch\flexmark\flexmark-ext-gfm-users\0.34.30\flexmark-ext-gfm-users-0.34.30.jar;C:\Users\btoze\.m2\repository\com\vladsch\flexmark\flexmark-ext-gitlab\0.34.30\flexmark-ext-gitlab-0.34.30.jar;C:\Users\btoze\.m2\repository\com\vladsch\flexmark\flexmark-ext-jekyll-front-matter\0.34.30\flexmark-ext-jekyll-front-matter-0.34.30.jar;C:\Users\btoze\.m2\repository\com\vladsch\flexmark\flexmark-ext-jekyll-tag\0.34.30\flexmark-ext-jekyll-tag-0.34.30.jar;C:\Users\btoze\.m2\repository\com\vladsch\flexmark\flexmark-ext-media-tags\0.34.30\flexmark-ext-media-tags-0.34.30.jar;C:\Users\btoze\.m2\repository\com\vladsch\flexmark\flexmark-test-util\0.34.30\flexmark-test-util-0.34.30.jar;C:\Users\btoze\.m2\repository\com\vladsch\flexmark\flexmark-ext-ins\0.34.30\flexmark-ext-ins-0.34.30.jar;C:\Users\btoze\.m2\repository\com\vladsch\flexmark\flexmark-ext-xwiki-macros\0.34.30\flexmark-ext-xwiki-macros-0.34.30.jar;C:\Users\btoze\.m2\repository\com\vladsch\flexmark\flexmark-ext-superscript\0.34.30\flexmark-ext-superscript-0.34.30.jar;C:\Users\btoze\.m2\repository\com\vladsch\flexmark\flexmark-ext-tables\0.34.30\flexmark-ext-tables-0.34.30.jar;C:\Users\btoze\.m2\repository\com\vladsch\flexmark\flexmark-ext-toc\0.34.30\flexmark-ext-toc-0.34.30.jar;C:\Users\btoze\.m2\repository\com\vladsch\flexmark\flexmark-ext-typographic\0.34.30\flexmark-ext-typographic-0.34.30.jar;C:\Users\btoze\.m2\repository\com\vladsch\flexmark\flexmark-ext-wikilink\0.34.30\flexmark-ext-wikilink-0.34.30.jar;C:\Users\btoze\.m2\repository\com\vladsch\flexmark\flexmark-ext-yaml-front-matter\0.34.30\flexmark-ext-yaml-front-matter-0.34.30.jar;C:\Users\btoze\.m2\repository\com\vladsch\flexmark\flexmark-ext-youtube-embedded\0.34.30\flexmark-ext-youtube-embedded-0.34.30.jar;C:\Users\btoze\.m2\repository\com\vladsch\flexmark\flexmark-formatter\0.34.30\flexmark-formatter-0.34.30.jar;C:\Users\btoze\.m2\repository\com\vladsch\flexmark\flexmark-html-parser\0.34.30\flexmark-html-parser-0.34.30.jar;C:\Users\btoze\.m2\repository\com\vladsch\flexmark\flexmark-jira-converter\0.34.30\flexmark-jira-converter-0.34.30.jar;C:\Users\btoze\.m2\repository\com\vladsch\flexmark\flexmark-pdf-converter\0.34.30\flexmark-pdf-converter-0.34.30.jar;C:\Users\btoze\.m2\repository\com\openhtmltopdf\openhtmltopdf-core\0.0.1-RC13\openhtmltopdf-core-0.0.1-RC13.jar;C:\Users\btoze\.m2\repository\com\openhtmltopdf\openhtmltopdf-pdfbox\0.0.1-RC13\openhtmltopdf-pdfbox-0.0.1-RC13.jar;C:\Users\btoze\.m2\repository\org\apache\pdfbox\pdfbox\2.0.8\pdfbox-2.0.8.jar;C:\Users\btoze\.m2\repository\org\apache\pdfbox\fontbox\2.0.8\fontbox-2.0.8.jar;C:\Users\btoze\.m2\repository\org\apache\pdfbox\xmpbox\2.0.8\xmpbox-2.0.8.jar;C:\Users\btoze\.m2\repository\de\rototor\pdfbox\graphics2d\0.12\graphics2d-0.12.jar;C:\Users\btoze\.m2\repository\com\openhtmltopdf\openhtmltopdf-rtl-support\0.0.1-RC13\openhtmltopdf-rtl-support-0.0.1-RC13.jar;C:\Users\btoze\.m2\repository\com\ibm\icu\icu4j\59.1\icu4j-59.1.jar;C:\Users\btoze\.m2\repository\com\openhtmltopdf\openhtmltopdf-jsoup-dom-converter\0.0.1-RC13\openhtmltopdf-jsoup-dom-converter-0.0.1-RC13.jar;C:\Users\btoze\.m2\repository\com\vladsch\flexmark\flexmark-profile-pegdown\0.34.30\flexmark-profile-pegdown-0.34.30.jar;C:\Users\btoze\.m2\repository\com\vladsch\flexmark\flexmark-util\0.34.30\flexmark-util-0.34.30.jar;C:\Users\btoze\.m2\repository\com\vladsch\flexmark\flexmark-youtrack-converter\0.34.30\flexmark-youtrack-converter-0.34.30.jar;C:\Users\btoze\.m2\repository\io\cucumber\cucumber-java\4.8.0\cucumber-java-4.8.0.jar;C:\Users\btoze\.m2\repository\io\cucumber\cucumber-core\4.8.0\cucumber-core-4.8.0.jar;C:\Users\btoze\.m2\repository\io\cucumber\gherkin\5.1.0\gherkin-5.1.0.jar;C:\Users\btoze\.m2\repository\io\cucumber\tag-expressions\1.1.1\tag-expressions-1.1.1.jar;C:\Users\btoze\.m2\repository\io\cucumber\cucumber-expressions\7.0.2\cucumber-expressions-7.0.2.jar;C:\Users\btoze\.m2\repository\io\cucumber\datatable\1.1.14\datatable-1.1.14.jar;C:\Users\btoze\.m2\repository\io\cucumber\datatable-dependencies\1.1.14\datatable-dependencies-1.1.14.jar;C:\Users\btoze\.m2\repository\org\apiguardian\apiguardian-api\1.1.0\apiguardian-api-1.1.0.jar;C:\Users\btoze\.m2\repository\io\cucumber\cucumber-junit\4.8.0\cucumber-junit-4.8.0.jar;C:\Users\btoze\.m2\repository\net\serenity-bdd\serenity-junit\2.0.91\serenity-junit-2.0.91.jar;C:\Users\btoze\.m2\repository\net\serenity-bdd\serenity-screenplay\2.0.91\serenity-screenplay-2.0.91.jar;C:\Users\btoze\.m2\repository\net\serenity-bdd\serenity-screenplay-webdriver\2.0.91\serenity-screenplay-webdriver-2.0.91.jar;C:\Users\btoze\.m2\repository\net\serenity-bdd\serenity-cucumber4\2.1.2\serenity-cucumber4-2.1.2.jar;C:\Users\btoze\.m2\repository\io\cucumber\datatable-matchers\1.1.14\datatable-matchers-1.1.14.jar;C:\Users\btoze\.m2\repository\org\apache\commons\commons-csv\1.5\commons-csv-1.5.jar;C:\Users\btoze\.m2\repository\junit\junit\4.12\junit-4.12.jar;C:\Users\btoze\.m2\repository\org\assertj\assertj-core\3.6.2\assertj-core-3.6.2.jar;C:\Users\btoze\.m2\repository\org\hamcrest\hamcrest-all\1.3\hamcrest-all-1.3.jar;"/>
    <property name="java.vm.vendor" value="Oracle Corporation"/>
    <property name="sun.arch.data.model" value="64"/>
    <property name="user.variant" value=""/>
    <property name="java.vendor.url" value="http://java.oracle.com/"/>
    <property name="user.timezone" value="America/Sao_Paulo"/>
    <property name="java.vm.specification.version" value="1.8"/>
    <property name="os.name" value="Windows 10"/>
    <property name="user.country" value="BR"/>
    <property name="sun.java.launcher" value="SUN_STANDARD"/>
    <property name="sun.boot.library.path" value="C:\Users\Public\Documents\tools\jdk1.8.0_121\jre\bin"/>
    <property name="sun.java.command" value="C:\Users\btoze\AppData\Local\Temp\surefire3003853442092012867\surefirebooter3288554642448939703.jar C:\Users\btoze\AppData\Local\Temp\surefire3003853442092012867 2021-05-17T12-11-54_921-jvmRun1 surefire1841212473464874310tmp surefire_08642802667144596936tmp"/>
    <property name="surefire.test.class.path" value="C:\Users\Public\Projetos\teste-selenium\target\test-classes;C:\Users\Public\Projetos\teste-selenium\target\teste-selenium-1.0-SNAPSHOT.jar;C:\Users\btoze\.m2\repository\ch\qos\logback\logback-classic\1.0.13\logback-classic-1.0.13.jar;C:\Users\btoze\.m2\repository\ch\qos\logback\logback-core\1.0.13\logback-core-1.0.13.jar;C:\Users\btoze\.m2\repository\org\slf4j\slf4j-api\1.7.5\slf4j-api-1.7.5.jar;C:\Users\btoze\.m2\repository\net\serenity-bdd\serenity-core\2.0.91\serenity-core-2.0.91.jar;C:\Users\btoze\.m2\repository\net\bytebuddy\byte-buddy\1.10.1\byte-buddy-1.10.1.jar;C:\Users\btoze\.m2\repository\net\bytebuddy\byte-buddy-agent\1.10.1\byte-buddy-agent-1.10.1.jar;C:\Users\btoze\.m2\repository\com\google\guava\guava\25.0-jre\guava-25.0-jre.jar;C:\Users\btoze\.m2\repository\com\google\code\findbugs\jsr305\1.3.9\jsr305-1.3.9.jar;C:\Users\btoze\.m2\repository\org\checkerframework\checker-compat-qual\2.0.0\checker-compat-qual-2.0.0.jar;C:\Users\btoze\.m2\repository\com\google\errorprone\error_prone_annotations\2.1.3\error_prone_annotations-2.1.3.jar;C:\Users\btoze\.m2\repository\com\google\j2objc\j2objc-annotations\1.1\j2objc-annotations-1.1.jar;C:\Users\btoze\.m2\repository\org\codehaus\mojo\animal-sniffer-annotations\1.14\animal-sniffer-annotations-1.14.jar;C:\Users\btoze\.m2\repository\com\google\inject\guice\4.2.2\guice-4.2.2.jar;C:\Users\btoze\.m2\repository\javax\inject\javax.inject\1\javax.inject-1.jar;C:\Users\btoze\.m2\repository\aopalliance\aopalliance\1.0\aopalliance-1.0.jar;C:\Users\btoze\.m2\repository\org\ow2\asm\asm\7.2\asm-7.2.jar;C:\Users\btoze\.m2\repository\commons-codec\commons-codec\1.10\commons-codec-1.10.jar;C:\Users\btoze\.m2\repository\org\objenesis\objenesis\3.0.1\objenesis-3.0.1.jar;C:\Users\btoze\.m2\repository\xml-apis\xml-apis\1.4.01\xml-apis-1.4.01.jar;C:\Users\btoze\.m2\repository\commons-logging\commons-logging\1.2\commons-logging-1.2.jar;C:\Users\btoze\.m2\repository\io\vavr\vavr\0.9.0\vavr-0.9.0.jar;C:\Users\btoze\.m2\repository\io\vavr\vavr-match\0.9.0\vavr-match-0.9.0.jar;C:\Users\btoze\.m2\repository\javax\xml\bind\jaxb-api\2.2.12\jaxb-api-2.2.12.jar;C:\Users\btoze\.m2\repository\com\sun\xml\bind\jaxb-core\2.3.0.1\jaxb-core-2.3.0.1.jar;C:\Users\btoze\.m2\repository\com\sun\xml\bind\jaxb-impl\2.3.0.1\jaxb-impl-2.3.0.1.jar;C:\Users\btoze\.m2\repository\javax\activation\activation\1.1.1\activation-1.1.1.jar;C:\Users\btoze\.m2\repository\org\mockito\mockito-core\3.1.0\mockito-core-3.1.0.jar;C:\Users\btoze\.m2\repository\net\serenity-bdd\serenity-report-resources\2.0.91\serenity-report-resources-2.0.91.jar;C:\Users\btoze\.m2\repository\net\serenity-bdd\serenity-model\2.0.91\serenity-model-2.0.91.jar;C:\Users\btoze\.m2\repository\commons-net\commons-net\3.6\commons-net-3.6.jar;C:\Users\btoze\.m2\repository\org\apache\commons\commons-text\1.6\commons-text-1.6.jar;C:\Users\btoze\.m2\repository\es\nitaur\markdown\txtmark\0.16\txtmark-0.16.jar;C:\Users\btoze\.m2\repository\net\serenity-bdd\serenity-reports\2.0.91\serenity-reports-2.0.91.jar;C:\Users\btoze\.m2\repository\net\serenity-bdd\serenity-stats\2.0.91\serenity-stats-2.0.91.jar;C:\Users\btoze\.m2\repository\org\jetbrains\kotlin\kotlin-stdlib\1.3.31\kotlin-stdlib-1.3.31.jar;C:\Users\btoze\.m2\repository\org\jetbrains\kotlin\kotlin-stdlib-common\1.3.31\kotlin-stdlib-common-1.3.31.jar;C:\Users\btoze\.m2\repository\org\jetbrains\annotations\13.0\annotations-13.0.jar;C:\Users\btoze\.m2\repository\com\google\code\gson\gson\2.8.4\gson-2.8.4.jar;C:\Users\btoze\.m2\repository\commons-io\commons-io\2.6\commons-io-2.6.jar;C:\Users\btoze\.m2\repository\org\seleniumhq\selenium\selenium-server\3.141.59\selenium-server-3.141.59.jar;C:\Users\btoze\.m2\repository\org\seleniumhq\selenium\selenium-firefox-driver\3.141.59\selenium-firefox-driver-3.141.59.jar;C:\Users\btoze\.m2\repository\org\seleniumhq\selenium\selenium-ie-driver\3.141.59\selenium-ie-driver-3.141.59.jar;C:\Users\btoze\.m2\repository\com\beust\jcommander\1.72\jcommander-1.72.jar;C:\Users\btoze\.m2\repository\org\apache\commons\commons-exec\1.3\commons-exec-1.3.jar;C:\Users\btoze\.m2\repository\net\jcip\jcip-annotations\1.0\jcip-annotations-1.0.jar;C:\Users\btoze\.m2\repository\org\seleniumhq\selenium\jetty-repacked\9.4.12.v20180830\jetty-repacked-9.4.12.v20180830.jar;C:\Users\btoze\.m2\repository\com\squareup\okhttp3\okhttp\3.11.0\okhttp-3.11.0.jar;C:\Users\btoze\.m2\repository\com\squareup\okio\okio\1.14.0\okio-1.14.0.jar;C:\Users\btoze\.m2\repository\javax\servlet\javax.servlet-api\3.1.0\javax.servlet-api-3.1.0.jar;C:\Users\btoze\.m2\repository\org\yaml\snakeyaml\1.19\snakeyaml-1.19.jar;C:\Users\btoze\.m2\repository\org\seleniumhq\selenium\selenium-java\3.141.59\selenium-java-3.141.59.jar;C:\Users\btoze\.m2\repository\org\seleniumhq\selenium\selenium-api\3.141.59\selenium-api-3.141.59.jar;C:\Users\btoze\.m2\repository\org\seleniumhq\selenium\selenium-chrome-driver\3.141.59\selenium-chrome-driver-3.141.59.jar;C:\Users\btoze\.m2\repository\org\seleniumhq\selenium\selenium-edge-driver\3.141.59\selenium-edge-driver-3.141.59.jar;C:\Users\btoze\.m2\repository\org\seleniumhq\selenium\selenium-remote-driver\3.141.59\selenium-remote-driver-3.141.59.jar;C:\Users\btoze\.m2\repository\org\seleniumhq\selenium\selenium-safari-driver\3.141.59\selenium-safari-driver-3.141.59.jar;C:\Users\btoze\.m2\repository\org\seleniumhq\selenium\selenium-opera-driver\3.141.59\selenium-opera-driver-3.141.59.jar;C:\Users\btoze\.m2\repository\org\seleniumhq\selenium\selenium-support\3.141.59\selenium-support-3.141.59.jar;C:\Users\btoze\.m2\repository\com\paulhammant\ngwebdriver\1.1.4\ngwebdriver-1.1.4.jar;C:\Users\btoze\.m2\repository\com\codeborne\phantomjsdriver\1.4.4\phantomjsdriver-1.4.4.jar;C:\Users\btoze\.m2\repository\org\seleniumhq\selenium\htmlunit-driver\2.36.0\htmlunit-driver-2.36.0.jar;C:\Users\btoze\.m2\repository\io\appium\java-client\7.3.0\java-client-7.3.0.jar;C:\Users\btoze\.m2\repository\commons-validator\commons-validator\1.6\commons-validator-1.6.jar;C:\Users\btoze\.m2\repository\commons-beanutils\commons-beanutils\1.9.2\commons-beanutils-1.9.2.jar;C:\Users\btoze\.m2\repository\commons-digester\commons-digester\1.8.1\commons-digester-1.8.1.jar;C:\Users\btoze\.m2\repository\org\aspectj\aspectjweaver\1.9.4\aspectjweaver-1.9.4.jar;C:\Users\btoze\.m2\repository\org\springframework\spring-context-support\5.1.2.RELEASE\spring-context-support-5.1.2.RELEASE.jar;C:\Users\btoze\.m2\repository\org\springframework\spring-beans\5.1.2.RELEASE\spring-beans-5.1.2.RELEASE.jar;C:\Users\btoze\.m2\repository\org\springframework\spring-context\5.1.2.RELEASE\spring-context-5.1.2.RELEASE.jar;C:\Users\btoze\.m2\repository\org\springframework\spring-aop\5.1.2.RELEASE\spring-aop-5.1.2.RELEASE.jar;C:\Users\btoze\.m2\repository\org\springframework\spring-expression\5.1.2.RELEASE\spring-expression-5.1.2.RELEASE.jar;C:\Users\btoze\.m2\repository\org\springframework\spring-core\5.1.2.RELEASE\spring-core-5.1.2.RELEASE.jar;C:\Users\btoze\.m2\repository\org\springframework\spring-jcl\5.1.2.RELEASE\spring-jcl-5.1.2.RELEASE.jar;C:\Users\btoze\.m2\repository\org\codehaus\groovy\groovy\2.5.5\groovy-2.5.5.jar;C:\Users\btoze\.m2\repository\net\sf\opencsv\opencsv\2.0\opencsv-2.0.jar;C:\Users\btoze\.m2\repository\commons-beanutils\commons-beanutils-core\1.8.3\commons-beanutils-core-1.8.3.jar;C:\Users\btoze\.m2\repository\joda-time\joda-time\2.7\joda-time-2.7.jar;C:\Users\btoze\.m2\repository\com\thoughtworks\xstream\xstream\1.4.9\xstream-1.4.9.jar;C:\Users\btoze\.m2\repository\xmlpull\xmlpull\1.1.3.1\xmlpull-1.1.3.1.jar;C:\Users\btoze\.m2\repository\xpp3\xpp3_min\1.1.4c\xpp3_min-1.1.4c.jar;C:\Users\btoze\.m2\repository\org\apache\commons\commons-lang3\3.8.1\commons-lang3-3.8.1.jar;C:\Users\btoze\.m2\repository\commons-collections\commons-collections\3.2.2\commons-collections-3.2.2.jar;C:\Users\btoze\.m2\repository\org\freemarker\freemarker\2.3.28\freemarker-2.3.28.jar;C:\Users\btoze\.m2\repository\net\sourceforge\jexcelapi\jxl\2.6.12\jxl-2.6.12.jar;C:\Users\btoze\.m2\repository\org\hamcrest\hamcrest-core\1.3\hamcrest-core-1.3.jar;C:\Users\btoze\.m2\repository\org\hamcrest\hamcrest-library\1.3\hamcrest-library-1.3.jar;C:\Users\btoze\.m2\repository\net\sourceforge\htmlunit\htmlunit\2.36.0\htmlunit-2.36.0.jar;C:\Users\btoze\.m2\repository\net\sourceforge\htmlunit\htmlunit-core-js\2.36.0\htmlunit-core-js-2.36.0.jar;C:\Users\btoze\.m2\repository\net\sourceforge\htmlunit\neko-htmlunit\2.36.0\neko-htmlunit-2.36.0.jar;C:\Users\btoze\.m2\repository\xerces\xercesImpl\2.12.0\xercesImpl-2.12.0.jar;C:\Users\btoze\.m2\repository\net\sourceforge\htmlunit\htmlunit-cssparser\1.5.0\htmlunit-cssparser-1.5.0.jar;C:\Users\btoze\.m2\repository\org\brotli\dec\0.1.2\dec-0.1.2.jar;C:\Users\btoze\.m2\repository\org\eclipse\jetty\websocket\websocket-client\9.4.20.v20190813\websocket-client-9.4.20.v20190813.jar;C:\Users\btoze\.m2\repository\org\eclipse\jetty\jetty-client\9.4.20.v20190813\jetty-client-9.4.20.v20190813.jar;C:\Users\btoze\.m2\repository\org\eclipse\jetty\jetty-http\9.4.20.v20190813\jetty-http-9.4.20.v20190813.jar;C:\Users\btoze\.m2\repository\org\eclipse\jetty\jetty-xml\9.4.20.v20190813\jetty-xml-9.4.20.v20190813.jar;C:\Users\btoze\.m2\repository\org\eclipse\jetty\jetty-util\9.4.20.v20190813\jetty-util-9.4.20.v20190813.jar;C:\Users\btoze\.m2\repository\org\eclipse\jetty\jetty-io\9.4.20.v20190813\jetty-io-9.4.20.v20190813.jar;C:\Users\btoze\.m2\repository\org\eclipse\jetty\websocket\websocket-common\9.4.20.v20190813\websocket-common-9.4.20.v20190813.jar;C:\Users\btoze\.m2\repository\org\eclipse\jetty\websocket\websocket-api\9.4.20.v20190813\websocket-api-9.4.20.v20190813.jar;C:\Users\btoze\.m2\repository\org\apache\httpcomponents\httpclient\4.5.5\httpclient-4.5.5.jar;C:\Users\btoze\.m2\repository\org\apache\httpcomponents\httpcore\4.4.9\httpcore-4.4.9.jar;C:\Users\btoze\.m2\repository\org\apache\httpcomponents\httpmime\4.5.5\httpmime-4.5.5.jar;C:\Users\btoze\.m2\repository\org\fluentlenium\fluentlenium-core\0.10.2\fluentlenium-core-0.10.2.jar;C:\Users\btoze\.m2\repository\com\jhlabs\filters\2.0.235\filters-2.0.235.jar;C:\Users\btoze\.m2\repository\org\asciidoctor\asciidoctorj\1.5.6\asciidoctorj-1.5.6.jar;C:\Users\btoze\.m2\repository\org\jruby\jruby-complete\1.7.26\jruby-complete-1.7.26.jar;C:\Users\btoze\.m2\repository\org\imgscalr\imgscalr-lib\4.2\imgscalr-lib-4.2.jar;C:\Users\btoze\.m2\repository\javax\el\javax.el-api\2.2.4\javax.el-api-2.2.4.jar;C:\Users\btoze\.m2\repository\org\glassfish\web\javax.el\2.2.4\javax.el-2.2.4.jar;C:\Users\btoze\.m2\repository\xalan\xalan\2.7.2\xalan-2.7.2.jar;C:\Users\btoze\.m2\repository\xalan\serializer\2.7.2\serializer-2.7.2.jar;C:\Users\btoze\.m2\repository\org\awaitility\awaitility\4.0.1\awaitility-4.0.1.jar;C:\Users\btoze\.m2\repository\org\hamcrest\hamcrest\2.1\hamcrest-2.1.jar;C:\Users\btoze\.m2\repository\com\typesafe\config\1.3.1\config-1.3.1.jar;C:\Users\btoze\.m2\repository\org\jsoup\jsoup\1.10.3\jsoup-1.10.3.jar;C:\Users\btoze\.m2\repository\com\google\jimfs\jimfs\1.1\jimfs-1.1.jar;C:\Users\btoze\.m2\repository\com\vladsch\flexmark\flexmark-all\0.34.30\flexmark-all-0.34.30.jar;C:\Users\btoze\.m2\repository\com\vladsch\flexmark\flexmark\0.34.30\flexmark-0.34.30.jar;C:\Users\btoze\.m2\repository\com\vladsch\flexmark\flexmark-ext-abbreviation\0.34.30\flexmark-ext-abbreviation-0.34.30.jar;C:\Users\btoze\.m2\repository\com\vladsch\flexmark\flexmark-ext-admonition\0.34.30\flexmark-ext-admonition-0.34.30.jar;C:\Users\btoze\.m2\repository\com\vladsch\flexmark\flexmark-ext-anchorlink\0.34.30\flexmark-ext-anchorlink-0.34.30.jar;C:\Users\btoze\.m2\repository\com\vladsch\flexmark\flexmark-ext-aside\0.34.30\flexmark-ext-aside-0.34.30.jar;C:\Users\btoze\.m2\repository\com\vladsch\flexmark\flexmark-ext-attributes\0.34.30\flexmark-ext-attributes-0.34.30.jar;C:\Users\btoze\.m2\repository\com\vladsch\flexmark\flexmark-ext-autolink\0.34.30\flexmark-ext-autolink-0.34.30.jar;C:\Users\btoze\.m2\repository\org\nibor\autolink\autolink\0.6.0\autolink-0.6.0.jar;C:\Users\btoze\.m2\repository\com\vladsch\flexmark\flexmark-ext-definition\0.34.30\flexmark-ext-definition-0.34.30.jar;C:\Users\btoze\.m2\repository\com\vladsch\flexmark\flexmark-ext-emoji\0.34.30\flexmark-ext-emoji-0.34.30.jar;C:\Users\btoze\.m2\repository\com\vladsch\flexmark\flexmark-ext-enumerated-reference\0.34.30\flexmark-ext-enumerated-reference-0.34.30.jar;C:\Users\btoze\.m2\repository\com\vladsch\flexmark\flexmark-ext-escaped-character\0.34.30\flexmark-ext-escaped-character-0.34.30.jar;C:\Users\btoze\.m2\repository\com\vladsch\flexmark\flexmark-ext-footnotes\0.34.30\flexmark-ext-footnotes-0.34.30.jar;C:\Users\btoze\.m2\repository\com\vladsch\flexmark\flexmark-ext-gfm-issues\0.34.30\flexmark-ext-gfm-issues-0.34.30.jar;C:\Users\btoze\.m2\repository\com\vladsch\flexmark\flexmark-ext-gfm-strikethrough\0.34.30\flexmark-ext-gfm-strikethrough-0.34.30.jar;C:\Users\btoze\.m2\repository\com\vladsch\flexmark\flexmark-ext-gfm-tables\0.34.30\flexmark-ext-gfm-tables-0.34.30.jar;C:\Users\btoze\.m2\repository\com\vladsch\flexmark\flexmark-ext-gfm-tasklist\0.34.30\flexmark-ext-gfm-tasklist-0.34.30.jar;C:\Users\btoze\.m2\repository\com\vladsch\flexmark\flexmark-ext-gfm-users\0.34.30\flexmark-ext-gfm-users-0.34.30.jar;C:\Users\btoze\.m2\repository\com\vladsch\flexmark\flexmark-ext-gitlab\0.34.30\flexmark-ext-gitlab-0.34.30.jar;C:\Users\btoze\.m2\repository\com\vladsch\flexmark\flexmark-ext-jekyll-front-matter\0.34.30\flexmark-ext-jekyll-front-matter-0.34.30.jar;C:\Users\btoze\.m2\repository\com\vladsch\flexmark\flexmark-ext-jekyll-tag\0.34.30\flexmark-ext-jekyll-tag-0.34.30.jar;C:\Users\btoze\.m2\repository\com\vladsch\flexmark\flexmark-ext-media-tags\0.34.30\flexmark-ext-media-tags-0.34.30.jar;C:\Users\btoze\.m2\repository\com\vladsch\flexmark\flexmark-test-util\0.34.30\flexmark-test-util-0.34.30.jar;C:\Users\btoze\.m2\repository\com\vladsch\flexmark\flexmark-ext-ins\0.34.30\flexmark-ext-ins-0.34.30.jar;C:\Users\btoze\.m2\repository\com\vladsch\flexmark\flexmark-ext-xwiki-macros\0.34.30\flexmark-ext-xwiki-macros-0.34.30.jar;C:\Users\btoze\.m2\repository\com\vladsch\flexmark\flexmark-ext-superscript\0.34.30\flexmark-ext-superscript-0.34.30.jar;C:\Users\btoze\.m2\repository\com\vladsch\flexmark\flexmark-ext-tables\0.34.30\flexmark-ext-tables-0.34.30.jar;C:\Users\btoze\.m2\repository\com\vladsch\flexmark\flexmark-ext-toc\0.34.30\flexmark-ext-toc-0.34.30.jar;C:\Users\btoze\.m2\repository\com\vladsch\flexmark\flexmark-ext-typographic\0.34.30\flexmark-ext-typographic-0.34.30.jar;C:\Users\btoze\.m2\repository\com\vladsch\flexmark\flexmark-ext-wikilink\0.34.30\flexmark-ext-wikilink-0.34.30.jar;C:\Users\btoze\.m2\repository\com\vladsch\flexmark\flexmark-ext-yaml-front-matter\0.34.30\flexmark-ext-yaml-front-matter-0.34.30.jar;C:\Users\btoze\.m2\repository\com\vladsch\flexmark\flexmark-ext-youtube-embedded\0.34.30\flexmark-ext-youtube-embedded-0.34.30.jar;C:\Users\btoze\.m2\repository\com\vladsch\flexmark\flexmark-formatter\0.34.30\flexmark-formatter-0.34.30.jar;C:\Users\btoze\.m2\repository\com\vladsch\flexmark\flexmark-html-parser\0.34.30\flexmark-html-parser-0.34.30.jar;C:\Users\btoze\.m2\repository\com\vladsch\flexmark\flexmark-jira-converter\0.34.30\flexmark-jira-converter-0.34.30.jar;C:\Users\btoze\.m2\repository\com\vladsch\flexmark\flexmark-pdf-converter\0.34.30\flexmark-pdf-converter-0.34.30.jar;C:\Users\btoze\.m2\repository\com\openhtmltopdf\openhtmltopdf-core\0.0.1-RC13\openhtmltopdf-core-0.0.1-RC13.jar;C:\Users\btoze\.m2\repository\com\openhtmltopdf\openhtmltopdf-pdfbox\0.0.1-RC13\openhtmltopdf-pdfbox-0.0.1-RC13.jar;C:\Users\btoze\.m2\repository\org\apache\pdfbox\pdfbox\2.0.8\pdfbox-2.0.8.jar;C:\Users\btoze\.m2\repository\org\apache\pdfbox\fontbox\2.0.8\fontbox-2.0.8.jar;C:\Users\btoze\.m2\repository\org\apache\pdfbox\xmpbox\2.0.8\xmpbox-2.0.8.jar;C:\Users\btoze\.m2\repository\de\rototor\pdfbox\graphics2d\0.12\graphics2d-0.12.jar;C:\Users\btoze\.m2\repository\com\openhtmltopdf\openhtmltopdf-rtl-support\0.0.1-RC13\openhtmltopdf-rtl-support-0.0.1-RC13.jar;C:\Users\btoze\.m2\repository\com\ibm\icu\icu4j\59.1\icu4j-59.1.jar;C:\Users\btoze\.m2\repository\com\openhtmltopdf\openhtmltopdf-jsoup-dom-converter\0.0.1-RC13\openhtmltopdf-jsoup-dom-converter-0.0.1-RC13.jar;C:\Users\btoze\.m2\repository\com\vladsch\flexmark\flexmark-profile-pegdown\0.34.30\flexmark-profile-pegdown-0.34.30.jar;C:\Users\btoze\.m2\repository\com\vladsch\flexmark\flexmark-util\0.34.30\flexmark-util-0.34.30.jar;C:\Users\btoze\.m2\repository\com\vladsch\flexmark\flexmark-youtrack-converter\0.34.30\flexmark-youtrack-converter-0.34.30.jar;C:\Users\btoze\.m2\repository\io\cucumber\cucumber-java\4.8.0\cucumber-java-4.8.0.jar;C:\Users\btoze\.m2\repository\io\cucumber\cucumber-core\4.8.0\cucumber-core-4.8.0.jar;C:\Users\btoze\.m2\repository\io\cucumber\gherkin\5.1.0\gherkin-5.1.0.jar;C:\Users\btoze\.m2\repository\io\cucumber\tag-expressions\1.1.1\tag-expressions-1.1.1.jar;C:\Users\btoze\.m2\repository\io\cucumber\cucumber-expressions\7.0.2\cucumber-expressions-7.0.2.jar;C:\Users\btoze\.m2\repository\io\cucumber\datatable\1.1.14\datatable-1.1.14.jar;C:\Users\btoze\.m2\repository\io\cucumber\datatable-dependencies\1.1.14\datatable-dependencies-1.1.14.jar;C:\Users\btoze\.m2\repository\org\apiguardian\apiguardian-api\1.1.0\apiguardian-api-1.1.0.jar;C:\Users\btoze\.m2\repository\io\cucumber\cucumber-junit\4.8.0\cucumber-junit-4.8.0.jar;C:\Users\btoze\.m2\repository\net\serenity-bdd\serenity-junit\2.0.91\serenity-junit-2.0.91.jar;C:\Users\btoze\.m2\repository\net\serenity-bdd\serenity-screenplay\2.0.91\serenity-screenplay-2.0.91.jar;C:\Users\btoze\.m2\repository\net\serenity-bdd\serenity-screenplay-webdriver\2.0.91\serenity-screenplay-webdriver-2.0.91.jar;C:\Users\btoze\.m2\repository\net\serenity-bdd\serenity-cucumber4\2.1.2\serenity-cucumber4-2.1.2.jar;C:\Users\btoze\.m2\repository\io\cucumber\datatable-matchers\1.1.14\datatable-matchers-1.1.14.jar;C:\Users\btoze\.m2\repository\org\apache\commons\commons-csv\1.5\commons-csv-1.5.jar;C:\Users\btoze\.m2\repository\junit\junit\4.12\junit-4.12.jar;C:\Users\btoze\.m2\repository\org\assertj\assertj-core\3.6.2\assertj-core-3.6.2.jar;C:\Users\btoze\.m2\repository\org\hamcrest\hamcrest-all\1.3\hamcrest-all-1.3.jar;"/>
    <property name="sun.cpu.endian" value="little"/>
    <property name="user.home" value="C:\Users\btoze"/>
    <property name="user.language" value="pt"/>
    <property name="java.specification.vendor" value="Oracle Corporation"/>
    <property name="java.home" value="C:\Users\Public\Documents\tools\jdk1.8.0_121\jre"/>
    <property name="basedir" value="C:\Users\Public\Projetos\teste-selenium"/>
    <property name="file.separator" value="\"/>
    <property name="line.separator" value="&#10;"/>
    <property name="java.vm.specification.vendor" value="Oracle Corporation"/>
    <property name="java.specification.name" value="Java Platform API Specification"/>
    <property name="java.awt.graphicsenv" value="sun.awt.Win32GraphicsEnvironment"/>
    <property name="surefire.real.class.path" value="C:\Users\btoze\AppData\Local\Temp\surefire3003853442092012867\surefirebooter3288554642448939703.jar"/>
    <property name="sun.boot.class.path" value="C:\Users\Public\Documents\tools\jdk1.8.0_121\jre\lib\resources.jar;C:\Users\Public\Documents\tools\jdk1.8.0_121\jre\lib\rt.jar;C:\Users\Public\Documents\tools\jdk1.8.0_121\jre\lib\sunrsasign.jar;C:\Users\Public\Documents\tools\jdk1.8.0_121\jre\lib\jsse.jar;C:\Users\Public\Documents\tools\jdk1.8.0_121\jre\lib\jce.jar;C:\Users\Public\Documents\tools\jdk1.8.0_121\jre\lib\charsets.jar;C:\Users\Public\Documents\tools\jdk1.8.0_121\jre\lib\jfr.jar;C:\Users\Public\Documents\tools\jdk1.8.0_121\jre\classes"/>
    <property name="user.script" value=""/>
    <property name="java.protocol.handler.pkgs" value="com.google.common"/>
    <property name="sun.management.compiler" value="HotSpot 64-Bit Tiered Compilers"/>
    <property name="java.runtime.version" value="1.8.0_121-b13"/>
    <property name="user.name" value="btoze"/>
    <property name="path.separator" value=";"/>
    <property name="os.version" value="10.0"/>
    <property name="java.endorsed.dirs" value="C:\Users\Public\Documents\tools\jdk1.8.0_121\jre\lib\endorsed"/>
    <property name="java.runtime.name" value="Java(TM) SE Runtime Environment"/>
    <property name="file.encoding" value="Cp1252"/>
    <property name="webdriver.base.url" value=""/>
    <property name="java.vm.name" value="Java HotSpot(TM) 64-Bit Server VM"/>
    <property name="localRepository" value="C:\Users\btoze\.m2\repository"/>
    <property name="java.vendor.url.bug" value="http://bugreport.sun.com/bugreport/"/>
    <property name="java.io.tmpdir" value="C:\Users\btoze\AppData\Local\Temp\"/>
    <property name="idea.version" value="2020.3.2"/>
    <property name="java.version" value="1.8.0_121"/>
    <property name="user.dir" value="C:\Users\Public\Projetos\teste-selenium"/>
    <property name="os.arch" value="amd64"/>
    <property name="java.vm.specification.name" value="Java Virtual Machine Specification"/>
    <property name="java.awt.printerjob" value="sun.awt.windows.WPrinterJob"/>
    <property name="sun.os.patch.level" value=""/>
    <property name="java.library.path" value="C:\Users\Public\Documents\tools\jdk1.8.0_121\jre\bin;C:\WINDOWS\Sun\Java\bin;C:\WINDOWS\system32;C:\WINDOWS;C:\Program Files (x86)\Common Files\Oracle\Java\javapath;C:\WINDOWS\system32;C:\WINDOWS;C:\WINDOWS\System32\Wbem;C:\WINDOWS\System32\WindowsPowerShell\v1.0\;C:\WINDOWS\System32\OpenSSH\;C:\Program Files\Git\cmd;C:\Gradle\gradle-6.8.3\bin;C:\Users\Public\Documents\tools\jdk1.8.0_121\bin;C:\Users\btoze\AppData\Local\Microsoft\WindowsApps;C:\Gradle\gradle-6.8.3\bin;;."/>
    <property name="java.vm.info" value="mixed mode"/>
    <property name="java.vendor" value="Oracle Corporation"/>
    <property name="java.vm.version" value="25.121-b13"/>
    <property name="java.ext.dirs" value="C:\Users\Public\Documents\tools\jdk1.8.0_121\jre\lib\ext;C:\WINDOWS\Sun\Java\lib\ext"/>
    <property name="sun.io.unicode.encoding" value="UnicodeLittle"/>
    <property name="java.class.version" value="52.0"/>
  </properties>
  <testcase name="Exluir funcionario" classname="Testar Excluir Funcionario Duplicado" time="15.673">
    <failure message="A função de excluir não está funcionando corretamente. Deveria ter excluido o CPF: 326.645.571-14" type="java.lang.AssertionError">java.lang.AssertionError: A função de excluir não está funcionando corretamente. Deveria ter excluido o CPF: 326.645.571-14
</failure>
    <system-out><![CDATA[12:14:08.722 [pool-1-thread-5] INFO  n.t.c.steps.ConsoleLoggingListener - 
        __    _____ _____ ____ _____   ____   _    ____  ____  _____ ____  
  _     \ \  |_   _| ____/ ___|_   _| |  _ \ / \  / ___|/ ___|| ____|  _ \ 
 (_)_____| |   | | |  _| \___ \ | |   | |_) / _ \ \___ \\___ \|  _| | | | |
  _|_____| |   | | | |___ ___) || |   |  __/ ___ \ ___) |___) | |___| |_| |
 (_)     | |   |_| |_____|____/ |_|   |_| /_/   \_\____/|____/|_____|____/ 
        /_/                                                                

TEST PASSED: Exluir funcionario
----------------------------------------------------------------------------
@TesteExcluirFuncionario
Funcionalidade: Testar Excluir Funcionario

  @TesteExcluirFuncionario
  Cenário: Exluir funcionario                               &amp#27;[90m# src/test/resources/features/testar_excluir_funcionario.feature:7&amp#27;[0m
    &amp#27;[32mDado &amp#27;[0m&amp#27;[32mque estou na Pagina de login da Inmetrics&amp#27;[0m          &amp#27;[90m# LoginStepDefinitions.que_estou_na_Pagina_de_login_da_Inmetrics()&amp#27;[0m
    &amp#27;[32mQuando &amp#27;[0m&amp#27;[32mpreencho o usuario cadastrado&amp#27;[0m                    &amp#27;[90m# LoginStepDefinitions.preencho_o_usuario_cadastrado()&amp#27;[0m
    &amp#27;[32mQuando &amp#27;[0m&amp#27;[32mpreencho a senha cadastrada&amp#27;[0m                      &amp#27;[90m# LoginStepDefinitions.preencho_a_senha_cadastrada()&amp#27;[0m
    &amp#27;[32mQuando &amp#27;[0m&amp#27;[32mclico no botão Entre&amp#27;[0m                             &amp#27;[90m# LoginStepDefinitions.clico_no_botão_Entre()&amp#27;[0m
    &amp#27;[32mQuando &amp#27;[0m&amp#27;[32mclico no botão Excluir do funcionario cadastrado&amp#27;[0m &amp#27;[90m# ExclusaoFuncionarioStepDefinitions.clico_no_botão_Excluir_do_funcionario_cadastrado()&amp#27;[0m
    &amp#27;[32mEntao &amp#27;[0m&amp#27;[32mfuncionario é excluido com sucesso&amp#27;[0m                &amp#27;[90m# ExclusaoFuncionarioStepDefinitions.funcionario_é_excluido_com_sucesso()&amp#27;[0m
12:14:08.742 [main] DEBUG n.t.core.reports.ReportService - Reporting formats: [JSON, HTML]
12:14:08.743 [main] DEBUG n.t.core.reports.ReportService - Reporting formats: [JSON, HTML]
12:14:08.746 [main] DEBUG n.t.core.reports.ReportService - Generating reports for 1 test outcomes using: net.thucydides.core.reports.json.JSONTestOutcomeReporter@47a64f7d
12:14:08.747 [pool-13-thread-1] DEBUG n.t.core.reports.ReportService - Processing test outcome Testar Excluir Funcionario:Exluir funcionario
12:14:08.747 [pool-13-thread-1] DEBUG n.t.core.reports.ReportService - net.thucydides.core.reports.json.JSONTestOutcomeReporter@47a64f7d: Generating report for test outcome: Testar Excluir Funcionario:Exluir funcionario
12:14:08.747 [pool-13-thread-1] DEBUG n.t.c.r.json.JSONTestOutcomeReporter - Generating JSON report for Exluir funcionario to file C:\Users\Public\Projetos\teste-selenium\target\site\serenity\6dce53a5ffe61228c3b563e60815d2a432de8b4b42777df9290fbaf54b7360ac.json (using temp file C:\Users\Public\Projetos\teste-selenium\target\site\serenity\6dce53a5ffe61228c3b563e60815d2a432de8b4b42777df9290fbaf54b7360ac.json70cc326b-ed18-4720-a488-fe1b84dbdc7a)
12:14:08.749 [pool-13-thread-1] DEBUG n.t.core.reports.ReportService - Processing test outcome Testar Excluir Funcionario:Exluir funcionario done
12:14:08.749 [main] DEBUG n.t.core.reports.ReportService - Shutting down executor service
12:14:08.749 [main] DEBUG n.t.core.reports.ReportService - Reports generated in: 3 ms
12:14:08.749 [main] DEBUG n.t.core.reports.ReportService - Generating reports for 1 test outcomes using: net.thucydides.core.reports.html.HtmlAcceptanceTestReporter@33d05366
12:14:08.749 [pool-14-thread-1] DEBUG n.t.core.reports.ReportService - Processing test outcome Testar Excluir Funcionario:Exluir funcionario
12:14:08.749 [pool-14-thread-1] DEBUG n.t.core.reports.ReportService - net.thucydides.core.reports.html.HtmlAcceptanceTestReporter@33d05366: Generating report for test outcome: Testar Excluir Funcionario:Exluir funcionario
12:14:08.749 [pool-14-thread-1] DEBUG n.t.c.r.h.HtmlAcceptanceTestReporter - GENERATE TEST OUTCOME REPORT FOR Exluir funcionario in 6dce53a5ffe61228c3b563e60815d2a432de8b4b42777df9290fbaf54b7360ac
12:14:08.749 [pool-14-thread-1] DEBUG n.t.c.r.BaseRequirementsService - Requirement found for test outcome Exluir funcionario-[]: Optional[Requirement{name='Testar Excluir Funcionario', type='feature' parent = 'null', cardNumber='null'}]
12:14:08.749 [pool-14-thread-1] DEBUG n.t.c.r.BaseRequirementsService - Requirement found for test outcome Exluir funcionario-[]: Optional[Requirement{name='Testar Excluir Funcionario', type='feature' parent = 'null', cardNumber='null'}]
12:14:08.756 [pool-14-thread-1] DEBUG n.t.c.r.BaseRequirementsService - Requirement found for test outcome Exluir funcionario-[]: Optional[Requirement{name='Testar Excluir Funcionario', type='feature' parent = 'null', cardNumber='null'}]
12:14:08.757 [pool-14-thread-1] DEBUG n.t.c.r.BaseRequirementsService - Requirement found for test outcome Exluir funcionario-[]: Optional[Requirement{name='Testar Excluir Funcionario', type='feature' parent = 'null', cardNumber='null'}]
12:14:08.758 [pool-14-thread-1] DEBUG n.t.c.r.h.HtmlAcceptanceTestReporter - Generating report in 6dce53a5ffe61228c3b563e60815d2a432de8b4b42777df9290fbaf54b7360ac_screenshots.html
12:14:08.766 [pool-14-thread-1] DEBUG n.t.c.r.h.HtmlAcceptanceTestReporter - Generated report 6dce53a5ffe61228c3b563e60815d2a432de8b4b42777df9290fbaf54b7360ac_screenshots.html in 8 ms
12:14:08.766 [pool-14-thread-1] DEBUG n.t.c.r.h.HtmlAcceptanceTestReporter - GENERATING HTML REPORT FOR Testar Excluir Funcionario:Exluir funcionario in 6dce53a5ffe61228c3b563e60815d2a432de8b4b42777df9290fbaf54b7360ac.html in directory target\site\serenity  
12:14:08.766 [pool-14-thread-1] DEBUG n.t.c.r.h.HtmlAcceptanceTestReporter - Generating report in 6dce53a5ffe61228c3b563e60815d2a432de8b4b42777df9290fbaf54b7360ac.html
12:14:08.799 [pool-14-thread-1] DEBUG n.t.c.r.h.HtmlAcceptanceTestReporter - Generated report 6dce53a5ffe61228c3b563e60815d2a432de8b4b42777df9290fbaf54b7360ac.html in 33 ms
12:14:08.799 [pool-14-thread-1] DEBUG n.t.core.reports.ReportService - Processing test outcome Testar Excluir Funcionario:Exluir funcionario done
12:14:08.799 [main] DEBUG n.t.core.reports.ReportService - Shutting down executor service
12:14:08.799 [main] DEBUG n.t.core.reports.ReportService - Reports generated in: 50 ms
12:13:17.660 [pool-1-thread-4] INFO  n.t.c.steps.ConsoleLoggingListener - 
 _____ _____ ____ _____   ____ _____  _    ____ _____ _____ ____  
|_   _| ____/ ___|_   _| / ___|_   _|/ \  |  _ \_   _| ____|  _ \ 
  | | |  _| \___ \ | |   \___ \ | | / _ \ | |_) || | |  _| | | | |
  | | | |___ ___) || |    ___) || |/ ___ \|  _ < | | | |___| |_| |
  |_| |_____|____/ |_|   |____/ |_/_/   \_\_| \_\|_| |_____|____/ 
                                                                  

TEST STARTED: Exluir funcionario
-------------------------------------------------------------------(testar-excluir-funcionario-duplicado;exluir-funcionario)
12:13:17.863 [pool-1-thread-4] INFO  n.s.c.w.d.ProvideNewDriver - Instantiating driver
12:13:17.863 [pool-1-thread-4] INFO  n.s.c.w.d.ProvideNewDriver - Driver capabilities: Capabilities {acceptInsecureCerts: false, browserName: chrome, chrome.switches: --start-maximized;--test-ty..., goog:chromeOptions: {args: [--start-maximized, --test-type, --no-sandbox, --ignore-certificate-errors..., --disable-popup-blocking, --disable-default-apps, --disable-extensions-file-a..., --incognito, --disable-infobars, --disable-gpu], extensions: []}, loggingPrefs: org.openqa.selenium.logging..., platform: ANY, version: }
12:13:22.977 [pool-1-thread-4] DEBUG n.s.core.photography.Darkroom - Opening darkroom
12:13:22.977 [Darkroom Processing Line] DEBUG n.s.c.p.DarkroomProcessingLine - Darkroom processing line starting up
12:13:23.460 [pool-1-thread-4] DEBUG n.s.core.photography.Darkroom - Send negative for processing for target\site\serenity\d694754c77a35fd2ee5755e09ca464632ad243b5242429be10ff6aeb840f2ab8.png
12:13:24.009 [pool-1-thread-4] DEBUG n.s.core.photography.Darkroom - Send negative for processing for target\site\serenity\acfac6a074aa8ea1204d94c0446f927f3aaa683ac7ed36692793eb8d1adad606.png
12:13:24.523 [pool-1-thread-4] DEBUG n.s.core.photography.Darkroom - Send negative for processing for target\site\serenity\5fc3ea6e7a2f89cfa87bc29a35397caf3fb0d883de4729f30127f6feaf623033.png
12:13:24.523 [Darkroom Processing Line] DEBUG n.s.c.p.DarkroomProcessingLine - Processing screenshot image in /var/screenshots/screenshot-5964001962031539694
12:13:24.523 [Darkroom Processing Line] DEBUG n.s.c.p.DarkroomProcessingLine - Saving screenshot to target\site\serenity\5fc3ea6e7a2f89cfa87bc29a35397caf3fb0d883de4729f30127f6feaf623033.png
12:13:28.168 [pool-1-thread-4] DEBUG n.s.core.photography.Darkroom - Send negative for processing for target\site\serenity\a79365846345cefd712e80efa012ba1e61070f0c88ae1770e2ea33bc5453d572.png
12:13:28.169 [Darkroom Processing Line] DEBUG n.s.c.p.DarkroomProcessingLine - Processing screenshot image in /var/screenshots/screenshot-6299144075676118201
12:13:28.169 [Darkroom Processing Line] DEBUG n.s.c.p.DarkroomProcessingLine - Saving screenshot to target\site\serenity\a79365846345cefd712e80efa012ba1e61070f0c88ae1770e2ea33bc5453d572.png
12:13:30.952 [pool-1-thread-4] DEBUG n.s.core.photography.Darkroom - Send negative for processing for target\site\serenity\ee0c17724ecb98e5da53743704ebe8fb99dea75463f2baaf7514583954d18573.png
12:13:30.952 [Darkroom Processing Line] DEBUG n.s.c.p.DarkroomProcessingLine - Processing screenshot image in /var/screenshots/screenshot-8094663063040190749
12:13:30.952 [Darkroom Processing Line] DEBUG n.s.c.p.DarkroomProcessingLine - Saving screenshot to target\site\serenity\ee0c17724ecb98e5da53743704ebe8fb99dea75463f2baaf7514583954d18573.png
12:13:33.313 [pool-1-thread-4] DEBUG n.s.core.photography.Darkroom - Send negative for processing for target\site\serenity\3d64fe87b273d65d5c1176b29693a51bba29af7fc5f0d6e1fcaca40a27fbeaf3.png
12:13:33.314 [Darkroom Processing Line] DEBUG n.s.c.p.DarkroomProcessingLine - Processing screenshot image in /var/screenshots/screenshot-5809150601900007956
12:13:33.314 [Darkroom Processing Line] DEBUG n.s.c.p.DarkroomProcessingLine - Saving screenshot to target\site\serenity\3d64fe87b273d65d5c1176b29693a51bba29af7fc5f0d6e1fcaca40a27fbeaf3.png
]]></system-out>
    <system-err><![CDATA[mai 17, 2021 12:13:17 PM org.openqa.selenium.remote.DesiredCapabilities chrome
INFORMAÇÕES: Using `new ChromeOptions()` is preferred to `DesiredCapabilities.chrome()`
Starting ChromeDriver 90.0.4430.24 (4c6d850f087da467d926e8eddb76550aed655991-refs/branch-heads/4430@{#429}) on port 30933
Only local connections are allowed.
Please see https://chromedriver.chromium.org/security-considerations for suggestions on keeping ChromeDriver safe.
ChromeDriver was started successfully.
mai 17, 2021 12:13:19 PM org.openqa.selenium.remote.ProtocolHandshake createSession
INFORMAÇÕES: Detected dialect: W3C
]]></system-err>
  </testcase>
</testsuite>